2026-01-20 14:39:13.320 [main] INFO  c.h.s.pancake.PancakeApplication - Starting PancakeApplication using Java 21.0.2 with PID 34704 (C:\Work\Branchs\super-duper-pancake\pancake\target\classes started by herminio.aureo.neto in C:\Work\Branchs\super-duper-pancake\pancake)
2026-01-20 14:39:13.320 [main] DEBUG c.h.s.pancake.PancakeApplication - Running with Spring Boot v3.5.9, Spring v6.2.15
2026-01-20 14:39:13.320 [main] INFO  c.h.s.pancake.PancakeApplication - The following 1 profile is active: "dev"
2026-01-20 14:39:15.047 [main] INFO  o.s.b.w.e.tomcat.TomcatWebServer - Tomcat initialized with port 8080 (http)
2026-01-20 14:39:15.060 [main] INFO  o.a.coyote.http11.Http11NioProtocol - Initializing ProtocolHandler ["http-nio-8080"]
2026-01-20 14:39:15.061 [main] INFO  o.a.catalina.core.StandardService - Starting service [Tomcat]
2026-01-20 14:39:15.062 [main] INFO  o.a.catalina.core.StandardEngine - Starting Servlet engine: [Apache Tomcat/10.1.50]
2026-01-20 14:39:15.187 [main] INFO  o.a.c.c.C.[Tomcat].[localhost].[/] - Initializing Spring embedded WebApplicationContext
2026-01-20 14:39:15.188 [main] INFO  o.s.b.w.s.c.ServletWebServerApplicationContext - Root WebApplicationContext: initialization completed in 1804 ms
2026-01-20 14:39:15.511 [main] INFO  o.s.v.b.OptionalValidatorFactoryBean - Failed to set up a Bean Validation provider: jakarta.validation.NoProviderFoundException: Unable to create a Configuration, because no Jakarta Bean Validation provider could be found. Add a provider like Hibernate Validator (RI) to your classpath.
2026-01-20 14:39:16.207 [main] INFO  c.a.c.h.n.i.NettyUtility - {"az.sdk.message":"The following Netty versions were found on the classpath and have a mismatch with the versions used by azure-core-http-netty. If your application runs without issue this message can be ignored, otherwise please align the Netty versions used in your application. For more information, see https://aka.ms/azsdk/java/dependency/troubleshoot.","azure-netty-version":"4.1.127.Final","azure-netty-native-version":"2.0.74.Final","classpath-netty-version-io.netty:netty-common":"4.1.130.Final","classpath-netty-version-io.netty:netty-handler":"4.1.130.Final","classpath-netty-version-io.netty:netty-handler-proxy":"4.1.130.Final","classpath-netty-version-io.netty:netty-buffer":"4.1.130.Final","classpath-netty-version-io.netty:netty-codec":"4.1.130.Final","classpath-netty-version-io.netty:netty-codec-http":"4.1.130.Final","classpath-netty-version-io.netty:netty-codec-http2":"4.1.130.Final","classpath-netty-version-io.netty:netty-transport-native-unix-common":"4.1.130.Final","classpath-netty-version-io.netty:netty-transport-native-epoll":"4.1.130.Final","classpath-netty-version-io.netty:netty-transport-native-kqueue":"4.1.130.Final","classpath-native-netty-version-io.netty:netty-tcnative-boringssl-static":"2.0.74.Final"}
2026-01-20 14:39:16.628 [main] INFO  o.s.b.a.e.web.EndpointLinksResolver - Exposing 1 endpoint beneath base path '/actuator'
2026-01-20 14:39:16.687 [main] INFO  o.a.coyote.http11.Http11NioProtocol - Starting ProtocolHandler ["http-nio-8080"]
2026-01-20 14:39:16.729 [main] INFO  o.s.b.w.e.tomcat.TomcatWebServer - Tomcat started on port 8080 (http) with context path '/'
2026-01-20 14:39:16.746 [main] INFO  c.h.s.pancake.PancakeApplication - Started PancakeApplication in 4.197 seconds (process running for 5.116)
2026-01-20 14:39:18.425 [RMI TCP Connection(2)-127.0.0.1] INFO  o.a.c.c.C.[Tomcat].[localhost].[/] - Initializing Spring DispatcherServlet 'dispatcherServlet'
2026-01-20 14:39:18.426 [RMI TCP Connection(2)-127.0.0.1] INFO  o.s.web.servlet.DispatcherServlet - Initializing Servlet 'dispatcherServlet'
2026-01-20 14:39:18.426 [RMI TCP Connection(2)-127.0.0.1] INFO  o.s.web.servlet.DispatcherServlet - Completed initialization in 0 ms
2026-01-20 14:40:42.208 [http-nio-8080-exec-1] INFO  c.h.s.pancake.service.PancakeService - Loading email template...
2026-01-20 14:40:42.236 [http-nio-8080-exec-1] INFO  c.h.s.p.sender.AsyncEmailSender - Starting process to send email...
2026-01-20 14:40:50.458 [reactor-http-nio-1] INFO  c.h.s.p.sender.AsyncEmailSender - Successfully sent the email (operation id: %s)

2026-01-20 14:40:50.460 [http-nio-8080-exec-1] INFO  c.h.s.p.sender.AsyncEmailSender - Email operation finished.
2026-01-20 14:47:04.993 [main] INFO  c.h.s.p.PancakeApplicationTests - Starting PancakeApplicationTests using Java 21.0.2 with PID 4068 (started by herminio.aureo.neto in C:\Work\Branchs\super-duper-pancake\pancake)
2026-01-20 14:47:04.995 [main] DEBUG c.h.s.p.PancakeApplicationTests - Running with Spring Boot v3.5.9, Spring v6.2.15
2026-01-20 14:47:04.997 [main] INFO  c.h.s.p.PancakeApplicationTests - The following 1 profile is active: "dev"
2026-01-20 14:47:07.330 [main] INFO  o.s.v.b.OptionalValidatorFactoryBean - Failed to set up a Bean Validation provider: jakarta.validation.NoProviderFoundException: Unable to create a Configuration, because no Jakarta Bean Validation provider could be found. Add a provider like Hibernate Validator (RI) to your classpath.
2026-01-20 14:47:08.192 [main] INFO  c.a.c.h.n.i.NettyUtility - {"az.sdk.message":"The following Netty versions were found on the classpath and have a mismatch with the versions used by azure-core-http-netty. If your application runs without issue this message can be ignored, otherwise please align the Netty versions used in your application. For more information, see https://aka.ms/azsdk/java/dependency/troubleshoot.","azure-netty-version":"4.1.127.Final","azure-netty-native-version":"2.0.74.Final","classpath-netty-version-io.netty:netty-common":"4.1.130.Final","classpath-netty-version-io.netty:netty-handler":"4.1.130.Final","classpath-netty-version-io.netty:netty-handler-proxy":"4.1.130.Final","classpath-netty-version-io.netty:netty-buffer":"4.1.130.Final","classpath-netty-version-io.netty:netty-codec":"4.1.130.Final","classpath-netty-version-io.netty:netty-codec-http":"4.1.130.Final","classpath-netty-version-io.netty:netty-codec-http2":"4.1.130.Final","classpath-netty-version-io.netty:netty-transport-native-unix-common":"4.1.130.Final","classpath-netty-version-io.netty:netty-transport-native-epoll":"4.1.130.Final","classpath-netty-version-io.netty:netty-transport-native-kqueue":"4.1.130.Final","classpath-native-netty-version-io.netty:netty-tcnative-boringssl-static":"2.0.74.Final"}
2026-01-20 14:47:08.932 [main] INFO  o.s.b.a.e.web.EndpointLinksResolver - Exposing 1 endpoint beneath base path '/actuator'
2026-01-20 14:47:09.034 [main] INFO  c.h.s.p.PancakeApplicationTests - Started PancakeApplicationTests in 4.943 seconds (process running for 7.35)
